This is pdfTeX, Version 3.1415926-2.5-1.40.14 (MiKTeX 2.9) (preloaded format=pdflatex 2014.2.28)  10 MAY 2014 16:03
entering extended mode
**main.tex
(C:\Dropbox\Thesis\ThesisBReport\main.tex
LaTeX2e <2011/06/27>
Babel <v3.8m> and hyphenation patterns for english, afrikaans, ancientgreek, ar
abic, armenian, assamese, basque, bengali, bokmal, bulgarian, catalan, coptic, 
croatian, czech, danish, dutch, esperanto, estonian, farsi, finnish, french, ga
lician, german, german-x-2013-05-26, greek, gujarati, hindi, hungarian, iceland
ic, indonesian, interlingua, irish, italian, kannada, kurmanji, latin, latvian,
 lithuanian, malayalam, marathi, mongolian, mongolianlmc, monogreek, ngerman, n
german-x-2013-05-26, nynorsk, oriya, panjabi, pinyin, polish, portuguese, roman
ian, russian, sanskrit, serbian, slovak, slovenian, spanish, swedish, swissgerm
an, tamil, telugu, turkish, turkmen, ukenglish, ukrainian, uppersorbian, usengl
ishmax, welsh, loaded.
("C:\Program Files (x86)\MiKTeX 2.9\tex\latex\base\article.cls"
Document Class: article 2007/10/19 v1.4h Standard LaTeX document class
("C:\Program Files (x86)\MiKTeX 2.9\tex\latex\base\size12.clo"
File: size12.clo 2007/10/19 v1.4h Standard LaTeX file (size option)
)
\c@part=\count79
\c@section=\count80
\c@subsection=\count81
\c@subsubsection=\count82
\c@paragraph=\count83
\c@subparagraph=\count84
\c@figure=\count85
\c@table=\count86
\abovecaptionskip=\skip41
\belowcaptionskip=\skip42
\bibindent=\dimen102
)
("C:\Program Files (x86)\MiKTeX 2.9\tex\latex\base\inputenc.sty"
Package: inputenc 2008/03/30 v1.1d Input encoding file
\inpenc@prehook=\toks14
\inpenc@posthook=\toks15

("C:\Program Files (x86)\MiKTeX 2.9\tex\latex\base\utf8.def"
File: utf8.def 2008/04/05 v1.1m UTF-8 support for inputenc
Now handling font encoding OML ...
... no UTF-8 mapping file for font encoding OML
Now handling font encoding T1 ...
... processing UTF-8 mapping file for font encoding T1

("C:\Program Files (x86)\MiKTeX 2.9\tex\latex\base\t1enc.dfu"
File: t1enc.dfu 2008/04/05 v1.1m UTF-8 support for inputenc
   defining Unicode char U+00A1 (decimal 161)
   defining Unicode char U+00A3 (decimal 163)
   defining Unicode char U+00AB (decimal 171)
   defining Unicode char U+00BB (decimal 187)
   defining Unicode char U+00BF (decimal 191)
   defining Unicode char U+00C0 (decimal 192)
   defining Unicode char U+00C1 (decimal 193)
   defining Unicode char U+00C2 (decimal 194)
   defining Unicode char U+00C3 (decimal 195)
   defining Unicode char U+00C4 (decimal 196)
   defining Unicode char U+00C5 (decimal 197)
   defining Unicode char U+00C6 (decimal 198)
   defining Unicode char U+00C7 (decimal 199)
   defining Unicode char U+00C8 (decimal 200)
   defining Unicode char U+00C9 (decimal 201)
   defining Unicode char U+00CA (decimal 202)
   defining Unicode char U+00CB (decimal 203)
   defining Unicode char U+00CC (decimal 204)
   defining Unicode char U+00CD (decimal 205)
   defining Unicode char U+00CE (decimal 206)
   defining Unicode char U+00CF (decimal 207)
   defining Unicode char U+00D0 (decimal 208)
   defining Unicode char U+00D1 (decimal 209)
   defining Unicode char U+00D2 (decimal 210)
   defining Unicode char U+00D3 (decimal 211)
   defining Unicode char U+00D4 (decimal 212)
   defining Unicode char U+00D5 (decimal 213)
   defining Unicode char U+00D6 (decimal 214)
   defining Unicode char U+00D8 (decimal 216)
   defining Unicode char U+00D9 (decimal 217)
   defining Unicode char U+00DA (decimal 218)
   defining Unicode char U+00DB (decimal 219)
   defining Unicode char U+00DC (decimal 220)
   defining Unicode char U+00DD (decimal 221)
   defining Unicode char U+00DE (decimal 222)
   defining Unicode char U+00DF (decimal 223)
   defining Unicode char U+00E0 (decimal 224)
   defining Unicode char U+00E1 (decimal 225)
   defining Unicode char U+00E2 (decimal 226)
   defining Unicode char U+00E3 (decimal 227)
   defining Unicode char U+00E4 (decimal 228)
   defining Unicode char U+00E5 (decimal 229)
   defining Unicode char U+00E6 (decimal 230)
   defining Unicode char U+00E7 (decimal 231)
   defining Unicode char U+00E8 (decimal 232)
   defining Unicode char U+00E9 (decimal 233)
   defining Unicode char U+00EA (decimal 234)
   defining Unicode char U+00EB (decimal 235)
   defining Unicode char U+00EC (decimal 236)
   defining Unicode char U+00ED (decimal 237)
   defining Unicode char U+00EE (decimal 238)
   defining Unicode char U+00EF (decimal 239)
   defining Unicode char U+00F0 (decimal 240)
   defining Unicode char U+00F1 (decimal 241)
   defining Unicode char U+00F2 (decimal 242)
   defining Unicode char U+00F3 (decimal 243)
   defining Unicode char U+00F4 (decimal 244)
   defining Unicode char U+00F5 (decimal 245)
   defining Unicode char U+00F6 (decimal 246)
   defining Unicode char U+00F8 (decimal 248)
   defining Unicode char U+00F9 (decimal 249)
   defining Unicode char U+00FA (decimal 250)
   defining Unicode char U+00FB (decimal 251)
   defining Unicode char U+00FC (decimal 252)
   defining Unicode char U+00FD (decimal 253)
   defining Unicode char U+00FE (decimal 254)
   defining Unicode char U+00FF (decimal 255)
   defining Unicode char U+0102 (decimal 258)
   defining Unicode char U+0103 (decimal 259)
   defining Unicode char U+0104 (decimal 260)
   defining Unicode char U+0105 (decimal 261)
   defining Unicode char U+0106 (decimal 262)
   defining Unicode char U+0107 (decimal 263)
   defining Unicode char U+010C (decimal 268)
   defining Unicode char U+010D (decimal 269)
   defining Unicode char U+010E (decimal 270)
   defining Unicode char U+010F (decimal 271)
   defining Unicode char U+0110 (decimal 272)
   defining Unicode char U+0111 (decimal 273)
   defining Unicode char U+0118 (decimal 280)
   defining Unicode char U+0119 (decimal 281)
   defining Unicode char U+011A (decimal 282)
   defining Unicode char U+011B (decimal 283)
   defining Unicode char U+011E (decimal 286)
   defining Unicode char U+011F (decimal 287)
   defining Unicode char U+0130 (decimal 304)
   defining Unicode char U+0131 (decimal 305)
   defining Unicode char U+0132 (decimal 306)
   defining Unicode char U+0133 (decimal 307)
   defining Unicode char U+0139 (decimal 313)
   defining Unicode char U+013A (decimal 314)
   defining Unicode char U+013D (decimal 317)
   defining Unicode char U+013E (decimal 318)
   defining Unicode char U+0141 (decimal 321)
   defining Unicode char U+0142 (decimal 322)
   defining Unicode char U+0143 (decimal 323)
   defining Unicode char U+0144 (decimal 324)
   defining Unicode char U+0147 (decimal 327)
   defining Unicode char U+0148 (decimal 328)
   defining Unicode char U+014A (decimal 330)
   defining Unicode char U+014B (decimal 331)
   defining Unicode char U+0150 (decimal 336)
   defining Unicode char U+0151 (decimal 337)
   defining Unicode char U+0152 (decimal 338)
   defining Unicode char U+0153 (decimal 339)
   defining Unicode char U+0154 (decimal 340)
   defining Unicode char U+0155 (decimal 341)
   defining Unicode char U+0158 (decimal 344)
   defining Unicode char U+0159 (decimal 345)
   defining Unicode char U+015A (decimal 346)
   defining Unicode char U+015B (decimal 347)
   defining Unicode char U+015E (decimal 350)
   defining Unicode char U+015F (decimal 351)
   defining Unicode char U+0160 (decimal 352)
   defining Unicode char U+0161 (decimal 353)
   defining Unicode char U+0162 (decimal 354)
   defining Unicode char U+0163 (decimal 355)
   defining Unicode char U+0164 (decimal 356)
   defining Unicode char U+0165 (decimal 357)
   defining Unicode char U+016E (decimal 366)
   defining Unicode char U+016F (decimal 367)
   defining Unicode char U+0170 (decimal 368)
   defining Unicode char U+0171 (decimal 369)
   defining Unicode char U+0178 (decimal 376)
   defining Unicode char U+0179 (decimal 377)
   defining Unicode char U+017A (decimal 378)
   defining Unicode char U+017B (decimal 379)
   defining Unicode char U+017C (decimal 380)
   defining Unicode char U+017D (decimal 381)
   defining Unicode char U+017E (decimal 382)
   defining Unicode char U+200C (decimal 8204)
   defining Unicode char U+2013 (decimal 8211)
   defining Unicode char U+2014 (decimal 8212)
   defining Unicode char U+2018 (decimal 8216)
   defining Unicode char U+2019 (decimal 8217)
   defining Unicode char U+201A (decimal 8218)
   defining Unicode char U+201C (decimal 8220)
   defining Unicode char U+201D (decimal 8221)
   defining Unicode char U+201E (decimal 8222)
   defining Unicode char U+2030 (decimal 8240)
   defining Unicode char U+2031 (decimal 8241)
   defining Unicode char U+2039 (decimal 8249)
   defining Unicode char U+203A (decimal 8250)
   defining Unicode char U+2423 (decimal 9251)
)
Now handling font encoding OT1 ...
... processing UTF-8 mapping file for font encoding OT1

("C:\Program Files (x86)\MiKTeX 2.9\tex\latex\base\ot1enc.dfu"
File: ot1enc.dfu 2008/04/05 v1.1m UTF-8 support for inputenc
   defining Unicode char U+00A1 (decimal 161)
   defining Unicode char U+00A3 (decimal 163)
   defining Unicode char U+00B8 (decimal 184)
   defining Unicode char U+00BF (decimal 191)
   defining Unicode char U+00C5 (decimal 197)
   defining Unicode char U+00C6 (decimal 198)
   defining Unicode char U+00D8 (decimal 216)
   defining Unicode char U+00DF (decimal 223)
   defining Unicode char U+00E6 (decimal 230)
   defining Unicode char U+00EC (decimal 236)
   defining Unicode char U+00ED (decimal 237)
   defining Unicode char U+00EE (decimal 238)
   defining Unicode char U+00EF (decimal 239)
   defining Unicode char U+00F8 (decimal 248)
   defining Unicode char U+0131 (decimal 305)
   defining Unicode char U+0141 (decimal 321)
   defining Unicode char U+0142 (decimal 322)
   defining Unicode char U+0152 (decimal 338)
   defining Unicode char U+0153 (decimal 339)
   defining Unicode char U+2013 (decimal 8211)
   defining Unicode char U+2014 (decimal 8212)
   defining Unicode char U+2018 (decimal 8216)
   defining Unicode char U+2019 (decimal 8217)
   defining Unicode char U+201C (decimal 8220)
   defining Unicode char U+201D (decimal 8221)
)
Now handling font encoding OMS ...
... processing UTF-8 mapping file for font encoding OMS

("C:\Program Files (x86)\MiKTeX 2.9\tex\latex\base\omsenc.dfu"
File: omsenc.dfu 2008/04/05 v1.1m UTF-8 support for inputenc
   defining Unicode char U+00A7 (decimal 167)
   defining Unicode char U+00B6 (decimal 182)
   defining Unicode char U+00B7 (decimal 183)
   defining Unicode char U+2020 (decimal 8224)
   defining Unicode char U+2021 (decimal 8225)
   defining Unicode char U+2022 (decimal 8226)
)
Now handling font encoding OMX ...
... no UTF-8 mapping file for font encoding OMX
Now handling font encoding U ...
... no UTF-8 mapping file for font encoding U
   defining Unicode char U+00A9 (decimal 169)
   defining Unicode char U+00AA (decimal 170)
   defining Unicode char U+00AE (decimal 174)
   defining Unicode char U+00BA (decimal 186)
   defining Unicode char U+02C6 (decimal 710)
   defining Unicode char U+02DC (decimal 732)
   defining Unicode char U+200C (decimal 8204)
   defining Unicode char U+2026 (decimal 8230)
   defining Unicode char U+2122 (decimal 8482)
   defining Unicode char U+2423 (decimal 9251)
))
("C:\Program Files (x86)\MiKTeX 2.9\tex\latex\base\fontenc.sty"
Package: fontenc 2005/09/27 v1.99g Standard LaTeX package

("C:\Program Files (x86)\MiKTeX 2.9\tex\latex\base\t1enc.def"
File: t1enc.def 2005/09/27 v1.99g Standard LaTeX file
LaTeX Font Info:    Redeclaring font encoding T1 on input line 43.
))
("C:\Program Files (x86)\MiKTeX 2.9\tex\latex\amsmath\amsmath.sty"
Package: amsmath 2013/01/14 v2.14 AMS math features
\@mathmargin=\skip43

For additional information on amsmath, use the `?' option.
("C:\Program Files (x86)\MiKTeX 2.9\tex\latex\amsmath\amstext.sty"
Package: amstext 2000/06/29 v2.01

("C:\Program Files (x86)\MiKTeX 2.9\tex\latex\amsmath\amsgen.sty"
File: amsgen.sty 1999/11/30 v2.0
\@emptytoks=\toks16
\ex@=\dimen103
))
("C:\Program Files (x86)\MiKTeX 2.9\tex\latex\amsmath\amsbsy.sty"
Package: amsbsy 1999/11/29 v1.2d
\pmbraise@=\dimen104
)
("C:\Program Files (x86)\MiKTeX 2.9\tex\latex\amsmath\amsopn.sty"
Package: amsopn 1999/12/14 v2.01 operator names
)
\inf@bad=\count87
LaTeX Info: Redefining \frac on input line 210.
\uproot@=\count88
\leftroot@=\count89
LaTeX Info: Redefining \overline on input line 306.
\classnum@=\count90
\DOTSCASE@=\count91
LaTeX Info: Redefining \ldots on input line 378.
LaTeX Info: Redefining \dots on input line 381.
LaTeX Info: Redefining \cdots on input line 466.
\Mathstrutbox@=\box26
\strutbox@=\box27
\big@size=\dimen105
LaTeX Font Info:    Redeclaring font encoding OML on input line 566.
LaTeX Font Info:    Redeclaring font encoding OMS on input line 567.
\macc@depth=\count92
\c@MaxMatrixCols=\count93
\dotsspace@=\muskip10
\c@parentequation=\count94
\dspbrk@lvl=\count95
\tag@help=\toks17
\row@=\count96
\column@=\count97
\maxfields@=\count98
\andhelp@=\toks18
\eqnshift@=\dimen106
\alignsep@=\dimen107
\tagshift@=\dimen108
\tagwidth@=\dimen109
\totwidth@=\dimen110
\lineht@=\dimen111
\@envbody=\toks19
\multlinegap=\skip44
\multlinetaggap=\skip45
\mathdisplay@stack=\toks20
LaTeX Info: Redefining \[ on input line 2665.
LaTeX Info: Redefining \] on input line 2666.
)
("C:\Program Files (x86)\MiKTeX 2.9\tex\latex\amsfonts\amsfonts.sty"
Package: amsfonts 2013/01/14 v3.01 Basic AMSFonts support
\symAMSa=\mathgroup4
\symAMSb=\mathgroup5
LaTeX Font Info:    Overwriting math alphabet `\mathfrak' in version `bold'
(Font)                  U/euf/m/n --> U/euf/b/n on input line 106.
)
("C:\Program Files (x86)\MiKTeX 2.9\tex\latex\amsfonts\amssymb.sty"
Package: amssymb 2013/01/14 v3.01 AMS font symbols
)
("C:\Program Files (x86)\MiKTeX 2.9\tex\latex\tools\verbatim.sty"
Package: verbatim 2003/08/22 v1.5q LaTeX2e package for verbatim enhancements
\every@verbatim=\toks21
\verbatim@line=\toks22
\verbatim@in@stream=\read1
)
("C:\Program Files (x86)\MiKTeX 2.9\tex\latex\fancyvrb\fancyvrb.sty"
Package: fancyvrb 2008/02/07

Style option: `fancyvrb' v2.7a, with DG/SPQR fixes, and firstline=lastline fix 
<2008/02/07> (tvz)
("C:\Program Files (x86)\MiKTeX 2.9\tex\latex\graphics\keyval.sty"
Package: keyval 1999/03/16 v1.13 key=value parser (DPC)
\KV@toks@=\toks23
)
\FV@CodeLineNo=\count99
\FV@InFile=\read2
\FV@TabBox=\box28
\c@FancyVerbLine=\count100
\FV@StepNumber=\count101
\FV@OutFile=\write3
)
("C:\Program Files (x86)\MiKTeX 2.9\tex\latex\graphics\color.sty"
Package: color 2005/11/14 v1.0j Standard LaTeX Color (DPC)

("C:\Program Files (x86)\MiKTeX 2.9\tex\latex\00miktex\color.cfg"
File: color.cfg 2007/01/18 v1.5 color configuration of teTeX/TeXLive
)
Package color Info: Driver file: pdftex.def on input line 130.

("C:\Program Files (x86)\MiKTeX 2.9\tex\latex\pdftex-def\pdftex.def"
File: pdftex.def 2011/05/27 v0.06d Graphics/color for pdfTeX

("C:\Program Files (x86)\MiKTeX 2.9\tex\generic\oberdiek\infwarerr.sty"
Package: infwarerr 2010/04/08 v1.3 Providing info/warning/error messages (HO)
)
("C:\Program Files (x86)\MiKTeX 2.9\tex\generic\oberdiek\ltxcmds.sty"
Package: ltxcmds 2011/11/09 v1.22 LaTeX kernel commands for general use (HO)
)
\Gread@gobject=\count102
))
("C:\Program Files (x86)\MiKTeX 2.9\tex\latex\graphics\graphicx.sty"
Package: graphicx 1999/02/16 v1.0f Enhanced LaTeX Graphics (DPC,SPQR)

("C:\Program Files (x86)\MiKTeX 2.9\tex\latex\graphics\graphics.sty"
Package: graphics 2009/02/05 v1.0o Standard LaTeX Graphics (DPC,SPQR)

("C:\Program Files (x86)\MiKTeX 2.9\tex\latex\graphics\trig.sty"
Package: trig 1999/03/16 v1.09 sin cos tan (DPC)
)
("C:\Program Files (x86)\MiKTeX 2.9\tex\latex\00miktex\graphics.cfg"
File: graphics.cfg 2007/01/18 v1.5 graphics configuration of teTeX/TeXLive
)
Package graphics Info: Driver file: pdftex.def on input line 91.
)
\Gin@req@height=\dimen112
\Gin@req@width=\dimen113
)
("C:\Program Files (x86)\MiKTeX 2.9\tex\latex\pbox\pbox.sty"
Package: pbox 2011/12/07 v1.2 Dynamic parboxes

("C:\Program Files (x86)\MiKTeX 2.9\tex\latex\tools\calc.sty"
Package: calc 2007/08/22 v4.3 Infix arithmetic (KKT,FJ)
\calc@Acount=\count103
\calc@Bcount=\count104
\calc@Adimen=\dimen114
\calc@Bdimen=\dimen115
\calc@Askip=\skip46
\calc@Bskip=\skip47
LaTeX Info: Redefining \setlength on input line 76.
LaTeX Info: Redefining \addtolength on input line 77.
\calc@Ccount=\count105
\calc@Cskip=\skip48
)
("C:\Program Files (x86)\MiKTeX 2.9\tex\latex\base\ifthen.sty"
Package: ifthen 2001/05/26 v1.1c Standard LaTeX ifthen package (DPC)
)
\pb@xlen=\skip49
)
("C:\Program Files (x86)\MiKTeX 2.9\tex\latex\placeins\placeins.sty"
Package: placeins 2005/04/18  v 2.2
)
("C:\Program Files (x86)\MiKTeX 2.9\tex\latex\float\float.sty"
Package: float 2001/11/08 v1.3d Float enhancements (AL)
\c@float@type=\count106
\float@exts=\toks24
\float@box=\box29
\@float@everytoks=\toks25
\@floatcapt=\box30
)
("C:\Program Files (x86)\MiKTeX 2.9\tex\latex\multirow\multirow.sty"
\bigstrutjot=\dimen116
)
("C:\Program Files (x86)\MiKTeX 2.9\tex\latex\nomencl\nomencl.sty"
Package: nomencl 2005/09/22 v4.2 Nomenclature package (LN)
\nomlabelwidth=\dimen117
\nom@tempdim=\dimen118
\nomitemsep=\skip50
)
\@nomenclaturefile=\write4

Writing nomenclature file main.nlo
("C:\Program Files (x86)\MiKTeX 2.9\tex\latex\tools\longtable.sty"
Package: longtable 2004/02/01 v4.11 Multi-page Table package (DPC)
\LTleft=\skip51
\LTright=\skip52
\LTpre=\skip53
\LTpost=\skip54
\LTchunksize=\count107
\LTcapwidth=\dimen119
\LT@head=\box31
\LT@firsthead=\box32
\LT@foot=\box33
\LT@lastfoot=\box34
\LT@cols=\count108
\LT@rows=\count109
\c@LT@tables=\count110
\c@LT@chunks=\count111
\LT@p@ftn=\toks26
)
("C:\Program Files (x86)\MiKTeX 2.9\tex\latex\caption\subcaption.sty"
Package: subcaption 2013/02/03 v1.1-62 Sub-captions (AR)

("C:\Program Files (x86)\MiKTeX 2.9\tex\latex\caption\caption.sty"
Package: caption 2013/05/02 v3.3-89 Customizing captions (AR)

("C:\Program Files (x86)\MiKTeX 2.9\tex\latex\caption\caption3.sty"
Package: caption3 2013/05/02 v1.6-88 caption3 kernel (AR)
Package caption3 Info: TeX engine: e-TeX on input line 57.
\captionmargin=\dimen120
\captionmargin@=\dimen121
\captionwidth=\dimen122
\caption@tempdima=\dimen123
\caption@indent=\dimen124
\caption@parindent=\dimen125
\caption@hangindent=\dimen126
)
\c@ContinuedFloat=\count112
Package caption Info: float package is loaded.
Package caption Info: longtable package is loaded.

("C:\Program Files (x86)\MiKTeX 2.9\tex\latex\caption\ltcaption.sty"
Package: ltcaption 2013/02/03 v1.3-62 longtable captions (AR)
))
\c@subfigure=\count113
\c@subtable=\count114
)
("C:\Program Files (x86)\MiKTeX 2.9\tex\latex\setspace\setspace.sty"
Package: setspace 2011/12/19 v6.7a set line spacing
)
("C:\Program Files (x86)\MiKTeX 2.9\tex\latex\booktabs\booktabs.sty"
Package: booktabs 2005/04/14 v1.61803 publication quality tables
\heavyrulewidth=\dimen127
\lightrulewidth=\dimen128
\cmidrulewidth=\dimen129
\belowrulesep=\dimen130
\belowbottomsep=\dimen131
\aboverulesep=\dimen132
\abovetopsep=\dimen133
\cmidrulesep=\dimen134
\cmidrulekern=\dimen135
\defaultaddspace=\dimen136
\@cmidla=\count115
\@cmidlb=\count116
\@aboverulesep=\dimen137
\@belowrulesep=\dimen138
\@thisruleclass=\count117
\@lastruleclass=\count118
\@thisrulewidth=\dimen139
)
("C:\Program Files (x86)\MiKTeX 2.9\tex\latex\amscls\amsthm.sty"
Package: amsthm 2004/08/06 v2.20
\thm@style=\toks27
\thm@bodyfont=\toks28
\thm@headfont=\toks29
\thm@notefont=\toks30
\thm@headpunct=\toks31
\thm@preskip=\skip55
\thm@postskip=\skip56
\thm@headsep=\skip57
\dth@everypar=\toks32
)
\c@theorem=\count119

("C:\Program Files (x86)\MiKTeX 2.9\tex\latex\cite\cite.sty"
LaTeX Info: Redefining \cite on input line 302.
LaTeX Info: Redefining \nocite on input line 373.
Package: cite 2010/09/10  v 5.3
)
("C:\Program Files (x86)\MiKTeX 2.9\tex\latex\tocbibind\tocbibind.sty"
Package: tocbibind 2010/10/13 v1.5k extra ToC listings
Package tocbibind Info: The document has section divisions on input line 50.


Package tocbibind Note: Using section or other style headings.

) ("C:\Program Files (x86)\MiKTeX 2.9\tex\latex\tools\array.sty"
Package: array 2008/09/09 v2.4c Tabular extension package (FMi)
\col@sep=\dimen140
\extrarowheight=\dimen141
\NC@list=\toks33
\extratabsurround=\skip58
\backup@length=\skip59
)
("C:\Program Files (x86)\MiKTeX 2.9\tex\latex\titlesec\titlesec.sty"
Package: titlesec 2011/12/15 v2.10.0 Sectioning titles
\ttl@box=\box35
\beforetitleunit=\skip60
\aftertitleunit=\skip61
\ttl@plus=\dimen142
\ttl@minus=\dimen143
\ttl@toksa=\toks34
\titlewidth=\dimen144
\titlewidthlast=\dimen145
\titlewidthfirst=\dimen146
)
("C:\Program Files (x86)\MiKTeX 2.9\tex\latex\fancyhdr\fancyhdr.sty"
\fancy@headwidth=\skip62
\f@ncyO@elh=\skip63
\f@ncyO@erh=\skip64
\f@ncyO@olh=\skip65
\f@ncyO@orh=\skip66
\f@ncyO@elf=\skip67
\f@ncyO@erf=\skip68
\f@ncyO@olf=\skip69
\f@ncyO@orf=\skip70
)
("C:\Program Files (x86)\MiKTeX 2.9\tex\latex\lastpage\lastpage.sty"
Package: lastpage 2013/01/28 v1.2l Refers to last page's name (HMM; JPG)
)
("C:\Program Files (x86)\MiKTeX 2.9\tex\latex\datetime\datetime.sty"
Package: datetime 2013/09/10 v2.59 Date Time Package

("C:\Program Files (x86)\MiKTeX 2.9\tex\latex\etoolbox\etoolbox.sty"
Package: etoolbox 2011/01/03 v2.1 e-TeX tools for LaTeX

("C:\Program Files (x86)\MiKTeX 2.9\tex\latex\misc\etex.sty"
Package: etex 1998/03/26 v2.0 eTeX basic definition package (PEB)
\et@xins=\count120
)
\etb@tempcnta=\count121
)
("C:\Program Files (x86)\MiKTeX 2.9\tex\latex\fmtcount\fmtcount.sty"
Package: fmtcount 2013/08/17 v2.03

("C:\Program Files (x86)\MiKTeX 2.9\tex\latex\fmtcount\fcprefix.sty"
Package: fcprefix 2012/09/28

("C:\Program Files (x86)\MiKTeX 2.9\tex\latex\fmtcount\fcnumparser.sty"
Package: fcnumparser 2012/09/28
\fc@digit@counter=\count122
))
\c@padzeroesN=\count123
\fc@tmpcatcode=\count124
\@DT@modctr=\count125
\@ordinalctr=\count126
\@orgargctr=\count127
\@strctr=\count128
\@tmpstrctr=\count129
\@DT@loopN=\count130
\@DT@X=\count131

("C:\Program Files (x86)\MiKTeX 2.9\tex\latex\fmtcount\fc-english.def"
File: fc-english.def 2013/08/17
))
("C:\Program Files (x86)\MiKTeX 2.9\tex\latex\datetime\datetime-defaults.sty"
Package: datetime-defaults 2013/09/10
)
\@day=\count132
\@month=\count133
\@year=\count134
\c@HOUR=\count135
\c@HOURXII=\count136
\c@MINUTE=\count137
\c@TOHOUR=\count138
\c@TOMINUTE=\count139
\c@SECOND=\count140
\currenthour=\count141
\currentminute=\count142
\currentsecond=\count143
Package datetime Info: No datetime.cfg file found, using default settings on in
put line 308.
\@dtctr=\count144
\dayofyear=\count145
\dayofweek=\count146
LaTeX Info: Redefining \today on input line 736.
\dt@a=\toks35
\dt@b=\toks36
) ("C:\Program Files (x86)\MiKTeX 2.9\tex\latex\wrapfig\wrapfig.sty"
\wrapoverhang=\dimen147
\WF@size=\dimen148
\c@WF@wrappedlines=\count147
\WF@box=\box36
\WF@everypar=\toks37
Package: wrapfig 2003/01/31  v 3.6
)

LaTeX Warning: Unused global option(s):
    [subeqn].

(C:\Dropbox\Thesis\ThesisBReport\main.aux
(C:\Dropbox\Thesis\ThesisBReport\TitlePage.aux)
(C:\Dropbox\Thesis\ThesisBReport\abstract.aux)
(C:\Dropbox\Thesis\ThesisBReport\nomenclature.aux)
(C:\Dropbox\Thesis\ThesisBReport\introduction.aux)
(C:\Dropbox\Thesis\ThesisBReport\background_theory.aux)
(C:\Dropbox\Thesis\ThesisBReport\lit_review.aux)
(C:\Dropbox\Thesis\ThesisBReport\design_drivers.aux)
(C:\Dropbox\Thesis\ThesisBReport\parameters.aux)
(C:\Dropbox\Thesis\ThesisBReport\tools.aux)
(C:\Dropbox\Thesis\ThesisBReport\data_assumptions.aux)
(C:\Dropbox\Thesis\ThesisBReport\results.aux)
(C:\Dropbox\Thesis\ThesisBReport\data_processing.aux)
(C:\Dropbox\Thesis\ThesisBReport\analysis.aux)
(C:\Dropbox\Thesis\ThesisBReport\weight_matrix.aux)
(C:\Dropbox\Thesis\ThesisBReport\conclusions.aux)
(C:\Dropbox\Thesis\ThesisBReport\future_work.aux)
(C:\Dropbox\Thesis\ThesisBReport\stats.aux))
LaTeX Font Info:    Checking defaults for OML/cmm/m/it on input line 128.
LaTeX Font Info:    ... okay on input line 128.
LaTeX Font Info:    Checking defaults for T1/cmr/m/n on input line 128.
LaTeX Font Info:    ... okay on input line 128.
LaTeX Font Info:    Checking defaults for OT1/cmr/m/n on input line 128.
LaTeX Font Info:    ... okay on input line 128.
LaTeX Font Info:    Checking defaults for OMS/cmsy/m/n on input line 128.
LaTeX Font Info:    ... okay on input line 128.
LaTeX Font Info:    Checking defaults for OMX/cmex/m/n on input line 128.
LaTeX Font Info:    ... okay on input line 128.
LaTeX Font Info:    Checking defaults for U/cmr/m/n on input line 128.
LaTeX Font Info:    ... okay on input line 128.

("C:\Program Files (x86)\MiKTeX 2.9\tex\context\base\supp-pdf.mkii"
[Loading MPS to PDF converter (version 2006.09.02).]
\scratchcounter=\count148
\scratchdimen=\dimen149
\scratchbox=\box37
\nofMPsegments=\count149
\nofMParguments=\count150
\everyMPshowfont=\toks38
\MPscratchCnt=\count151
\MPscratchDim=\dimen150
\MPnumerator=\count152
\makeMPintoPDFobject=\count153
\everyMPtoPDFconversion=\toks39
)
Package caption Info: Begin \AtBeginDocument code.
Package caption Info: wrapfig package is loaded.
Package caption Info: End \AtBeginDocument code.
Package lastpage Info: Please have a look at the pageslts package at
(lastpage)             http://www.ctan.org/tex-archive/ 
(lastpage)             macros/latex/contrib/pageslts/ 
(lastpage)             or
(lastpage)             http://www.ctan.org/tex-archive/ 
(lastpage)             install/macros/latex/contrib/pageslts.tds.zip
(lastpage)             ! on input line 128.
 (C:\Dropbox\Thesis\ThesisBReport\TitlePage.tex
LaTeX Font Info:    Try loading font information for U+msa on input line 69.

("C:\Program Files (x86)\MiKTeX 2.9\tex\latex\amsfonts\umsa.fd"
File: umsa.fd 2013/01/14 v3.01 AMS symbols A
)
LaTeX Font Info:    Try loading font information for U+msb on input line 69.

("C:\Program Files (x86)\MiKTeX 2.9\tex\latex\amsfonts\umsb.fd"
File: umsb.fd 2013/01/14 v3.01 AMS symbols B
) [1


{C:/ProgramData/MiKTeX/2.9/pdftex/config/pdftex.map}])
(C:\Dropbox\Thesis\ThesisBReport\abstract.tex [1


]) [2]
(C:\Dropbox\Thesis\ThesisBReport\main.toc [3

] [4] [5] [6])
\tf@toc=\write5
 [7]
(C:\Dropbox\Thesis\ThesisBReport\main.lof [8]

LaTeX Warning: Reference `sec:ref_case' on page 47 undefined on input line 22.

[9] [10])
\tf@lof=\write6
 [11] (C:\Dropbox\Thesis\ThesisBReport\main.lot [12])
\tf@lot=\write7
 [13]
(C:\Dropbox\Thesis\ThesisBReport\nomenclature.tex
Overfull \hbox (2.37051pt too wide) in paragraph at lines 35--35
[]|\T1/cmr/m/n/12 Frequency| 
 []

[14

]) [15] (C:\Dropbox\Thesis\ThesisBReport\introduction.tex [1


]) [2] [3

]
(C:\Dropbox\Thesis\ThesisBReport\background_theory.tex [4

]
LaTeX Font Info:    Try loading font information for OMS+cmr on input line 13.

("C:\Program Files (x86)\MiKTeX 2.9\tex\latex\base\omscmr.fd"
File: omscmr.fd 1999/05/25 v2.5h Standard LaTeX font definitions
)
LaTeX Font Info:    Font shape `OMS/cmr/m/n' in size <12> not available
(Font)              Font shape `OMS/cmsy/m/n' tried instead on input line 13.
 [5]
<Pictures/adsb_coverage.jpg, id=85, 722.7pt x 503.63156pt>
File: Pictures/adsb_coverage.jpg Graphic file (type jpg)

<use Pictures/adsb_coverage.jpg>
Package pdftex.def Info: Pictures/adsb_coverage.jpg used on input line 38.
(pdftex.def)             Requested size: 361.3491pt x 251.81516pt.

<Pictures/adsb_coverage_US.jpg, id=86, 696.35156pt x 532.99126pt>
File: Pictures/adsb_coverage_US.jpg Graphic file (type jpg)

<use Pictures/adsb_coverage_US.jpg>
Package pdftex.def Info: Pictures/adsb_coverage_US.jpg used on input line 47.
(pdftex.def)             Requested size: 348.17493pt x 266.49498pt.
 [6 <C:/Dropbox/Thesis/ThesisBReport/Pictures/adsb_coverage.jpg>]
<Pictures/adsb_nocoverage.png, id=90, 2073.24562pt x 1230.09563pt>
File: Pictures/adsb_nocoverage.png Graphic file (type png)

<use Pictures/adsb_nocoverage.png>
Package pdftex.def Info: Pictures/adsb_nocoverage.png used on input line 55.
(pdftex.def)             Requested size: 476.83647pt x 282.91605pt.
 [7 <C:/Dropbox/Thesis/ThesisBReport/Pictures/adsb_coverage_US.jpg>] [8 <C:/Dro
pbox/Thesis/ThesisBReport/Pictures/adsb_nocoverage.png>] <Pictures/QB50-platfor
m.png, id=99, 1113.40968pt x 838.63312pt>
File: Pictures/QB50-platform.png Graphic file (type png)

<use Pictures/QB50-platform.png>
Package pdftex.def Info: Pictures/QB50-platform.png used on input line 67.
(pdftex.def)             Requested size: 222.678pt x 167.72365pt.
 [9 <C:/Dropbox/Thesis/ThesisBReport/Pictures/QB50-platform.png>]
<Pictures/cubesat_sizes.png, id=105, 1189.44376pt x 575.14874pt>
File: Pictures/cubesat_sizes.png Graphic file (type png)

<use Pictures/cubesat_sizes.png>
Package pdftex.def Info: Pictures/cubesat_sizes.png used on input line 82.
(pdftex.def)             Requested size: 356.83588pt x 172.54594pt.
 [10 <C:/Dropbox/Thesis/ThesisBReport/Pictures/cubesat_sizes.png>]
<Pictures/iridium_stk.png, id=109, 1079.53313pt x 532.99126pt>
File: Pictures/iridium_stk.png Graphic file (type png)

<use Pictures/iridium_stk.png>
Package pdftex.def Info: Pictures/iridium_stk.png used on input line 109.
(pdftex.def)             Requested size: 377.84225pt x 186.54973pt.
 [11]
<Pictures/iridium_2d_stk.png, id=113, 1265.47781pt x 654.19406pt>
File: Pictures/iridium_2d_stk.png Graphic file (type png)

<use Pictures/iridium_2d_stk.png>
Package pdftex.def Info: Pictures/iridium_2d_stk.png used on input line 116.
(pdftex.def)             Requested size: 253.09108pt x 130.83649pt.
 [12 <C:/Dropbox/Thesis/ThesisBReport/Pictures/iridium_stk.png> <C:/Dropbox/The
sis/ThesisBReport/Pictures/iridium_2d_stk.png>] <Pictures/globalstar_stk.png, i
d=118, 1011.02719pt x 468.24937pt>
File: Pictures/globalstar_stk.png Graphic file (type png)

<use Pictures/globalstar_stk.png>
Package pdftex.def Info: Pictures/globalstar_stk.png used on input line 128.
(pdftex.def)             Requested size: 404.40372pt x 187.29642pt.

<Pictures/globalstar_2d_stk.png, id=119, 1057.70157pt x 478.03593pt>
File: Pictures/globalstar_2d_stk.png Graphic file (type png)

<use Pictures/globalstar_2d_stk.png>
Package pdftex.def Info: Pictures/globalstar_2d_stk.png used on input line 136.

(pdftex.def)             Requested size: 423.07314pt x 191.21098pt.
 [13 <C:/Dropbox/Thesis/ThesisBReport/Pictures/globalstar_stk.png>]) [14 <C:/Dr
opbox/Thesis/ThesisBReport/Pictures/globalstar_2d_stk.png>] (C:\Dropbox\Thesis\
ThesisBReport\lit_review.tex
<Pictures/alas_overview_tn.png, id=130, 1017.8025pt x 544.0325pt>
File: Pictures/alas_overview_tn.png Graphic file (type png)

<use Pictures/alas_overview_tn.png>
Package pdftex.def Info: Pictures/alas_overview_tn.png used on input line 10.
(pdftex.def)             Requested size: 407.1138pt x 217.60915pt.

<Pictures/globalstar_asdb.jpg, id=131, 616.55344pt x 390.70969pt>
File: Pictures/globalstar_asdb.jpg Graphic file (type jpg)

<use Pictures/globalstar_asdb.jpg>
Package pdftex.def Info: Pictures/globalstar_asdb.jpg used on input line 21.
(pdftex.def)             Requested size: 431.58446pt x 273.4949pt.
 [15


] [16 <C:/Dropbox/Thesis/ThesisBReport/Pictures/alas_overview_tn.png> <C:/Dropb
ox/Thesis/ThesisBReport/Pictures/globalstar_asdb.jpg>] <Pictures/aireon_concept
.png, id=139, 791.20593pt x 445.665pt>
File: Pictures/aireon_concept.png Graphic file (type png)

<use Pictures/aireon_concept.png>
Package pdftex.def Info: Pictures/aireon_concept.png used on input line 44.
(pdftex.def)             Requested size: 435.1646pt x 245.1165pt.
 [17] [18 <C:/Dropbox/Thesis/ThesisBReport/Pictures/aireon_concept.png>]
<Pictures/sapid_spotbeams.png, id=146, 379.4175pt x 411.78844pt>
File: Pictures/sapid_spotbeams.png Graphic file (type png)

<use Pictures/sapid_spotbeams.png>
Package pdftex.def Info: Pictures/sapid_spotbeams.png used on input line 63.
(pdftex.def)             Requested size: 303.53441pt x 329.43118pt.
 [19] [20 <C:/Dropbox/Thesis/ThesisBReport/Pictures/sapid_spotbeams.png>]
<Pictures/probav_planes.jpg, id=153, 627.34375pt x 403.5075pt>
File: Pictures/probav_planes.jpg Graphic file (type jpg)

<use Pictures/probav_planes.jpg>
Package pdftex.def Info: Pictures/probav_planes.jpg used on input line 80.
(pdftex.def)             Requested size: 313.6711pt x 201.75325pt.
 [21 <C:/Dropbox/Thesis/ThesisBReport/Pictures/probav_planes.jpg>]
<Pictures/gomx_antenna.png, id=158, 498.36188pt x 313.9228pt>
File: Pictures/gomx_antenna.png Graphic file (type png)

<use Pictures/gomx_antenna.png>
Package pdftex.def Info: Pictures/gomx_antenna.png used on input line 92.
(pdftex.def)             Requested size: 249.18033pt x 156.96101pt.
 [22 <C:/Dropbox/Thesis/ThesisBReport/Pictures/gomx_antenna.png>] <Pictures/gom
x_planes.png, id=163, 525.4029pt x 278.2395pt>
File: Pictures/gomx_planes.png Graphic file (type png)

<use Pictures/gomx_planes.png>
Package pdftex.def Info: Pictures/gomx_planes.png used on input line 101.
(pdftex.def)             Requested size: 420.32289pt x 222.59189pt.
 [23 <C:/Dropbox/Thesis/ThesisBReport/Pictures/gomx_planes.png>]) [24] [25

] (C:\Dropbox\Thesis\ThesisBReport\design_drivers.tex
[26

] [27]) [28] (C:\Dropbox\Thesis\ThesisBReport\parameters.tex [29


]
<Pictures/flightpaths.png, id=188, 2055.68pt x 1028.84375pt>
File: Pictures/flightpaths.png Graphic file (type png)

<use Pictures/flightpaths.png>
Package pdftex.def Info: Pictures/flightpaths.png used on input line 28.
(pdftex.def)             Requested size: 370.00644pt x 185.18388pt.
 [30]
<Pictures/transoceanicflights.png, id=192, 872.50969pt x 443.40656pt>
File: Pictures/transoceanicflights.png Graphic file (type png)

<use Pictures/transoceanicflights.png>
Package pdftex.def Info: Pictures/transoceanicflights.png used on input line 38
.
(pdftex.def)             Requested size: 392.62573pt x 199.5311pt.
 [31 <C:/Dropbox/Thesis/ThesisBReport/Pictures/flightpaths.png (PNG copy)> <C:/
Dropbox/Thesis/ThesisBReport/Pictures/transoceanicflights.png>]
<Pictures/transoceanicGeneralisations.png, id=197, 877.77937pt x 444.91219pt>
File: Pictures/transoceanicGeneralisations.png Graphic file (type png)

<use Pictures/transoceanicGeneralisations.png>
Package pdftex.def Info: Pictures/transoceanicGeneralisations.png used on input
 line 55.
(pdftex.def)             Requested size: 482.78015pt x 244.70245pt.
 [32 <C:/Dropbox/Thesis/ThesisBReport/Pictures/transoceanicGeneralisations.png>
]
<Pictures/12sat_2d.png, id=202, 1139.00531pt x 569.87906pt>
File: Pictures/12sat_2d.png Graphic file (type png)

<use Pictures/12sat_2d.png>
Package pdftex.def Info: Pictures/12sat_2d.png used on input line 92.
(pdftex.def)             Requested size: 455.59406pt x 227.94757pt.

<Pictures/12sat_3d.png, id=203, 752.8125pt x 596.98032pt>
File: Pictures/12sat_3d.png Graphic file (type png)

<use Pictures/12sat_3d.png>
Package pdftex.def Info: Pictures/12sat_3d.png used on input line 100.
(pdftex.def)             Requested size: 301.11966pt x 238.78789pt.
 [33] [34 <C:/Dropbox/Thesis/ThesisBReport/Pictures/12sat_2d.png>] [35 <C:/Drop
box/Thesis/ThesisBReport/Pictures/12sat_3d.png>])
[36] (C:\Dropbox\Thesis\ThesisBReport\tools.tex
LaTeX Font Info:    Try loading font information for T1+cmtt on input line 13.

("C:\Program Files (x86)\MiKTeX 2.9\tex\latex\base\t1cmtt.fd"
File: t1cmtt.fd 1999/05/25 v2.5h Standard LaTeX font definitions
)) [37


] [38]
(C:\Dropbox\Thesis\ThesisBReport\data_assumptions.tex
Underfull \hbox (badness 10000) in paragraph at lines 13--13
[]|\T1/cmr/m/n/12 Transmitter
 []


Underfull \hbox (badness 10000) in paragraph at lines 14--14
[]|\T1/cmr/m/n/12 Equivalent
 []


Underfull \hbox (badness 10000) in paragraph at lines 14--14
\T1/cmr/m/n/12 Isotrop-i-cally
 []


Underfull \hbox (badness 7047) in paragraph at lines 14--14
\T1/cmr/m/n/12 ing zero losses be-tween
 []


Underfull \hbox (badness 1424) in paragraph at lines 15--15
[]|\T1/cmr/m/n/12 Bit Er-ror Rate
 []


Underfull \hbox (badness 10000) in paragraph at lines 16--16
[]|\T1/cmr/m/n/12 Modulation
 []


Underfull \hbox (badness 3000) in paragraph at lines 18--18
[]|\T1/cmr/m/n/12 The car-rier fre-quency of
 []


Underfull \hbox (badness 2689) in paragraph at lines 19--19
[]|\T1/cmr/m/n/12 The re-ceiver model type
 []


Underfull \hbox (badness 1454) in paragraph at lines 19--19
\T1/cmr/m/n/12 used by STK to anal-yse
 []

[39


] [40]
Underfull \hbox (badness 10000) in paragraph at lines 83--83
[]|\T1/cmr/m/n/12 London Heathrow
 []


Underfull \hbox (badness 10000) in paragraph at lines 84--84
[]|\T1/cmr/m/n/12 Narita In-ter-na-tional
 []

[41]) [42] [43

] (C:\Dropbox\Thesis\ThesisBReport\results.tex [44

]) [45]
(C:\Dropbox\Thesis\ThesisBReport\data_processing.tex
Overfull \hbox (23.98875pt too wide) in paragraph at lines 15--34
 [][][] 
 []

<Pictures/allfitdist_Narita.png, id=253, 577.40718pt x 318.43968pt>
File: Pictures/allfitdist_Narita.png Graphic file (type png)

<use Pictures/allfitdist_Narita.png>
Package pdftex.def Info: Pictures/allfitdist_Narita.png used on input line 51.
(pdftex.def)             Requested size: 433.05432pt x 238.82918pt.
) [46


] [47 <C:/Dropbox/Thesis/ThesisBReport/Pictures/allfitdist_Narita.png (PNG copy
)>]
(C:\Dropbox\Thesis\ThesisBReport\analysis.tex
(C:\Dropbox\Thesis\ThesisBReport\initialConstellations.tex
<Pictures/molniya.png, id=260, 743.77875pt x 393.72093pt>
File: Pictures/molniya.png Graphic file (type png)

<use Pictures/molniya.png>
Package pdftex.def Info: Pictures/molniya.png used on input line 8.
(pdftex.def)             Requested size: 371.88846pt x 196.85999pt.
 [48


 <C:/Dropbox/Thesis/ThesisBReport/Pictures/molniya.png>] <Pictures/geosynch.png
, id=265, 746.03719pt x 380.92313pt>
File: Pictures/geosynch.png Graphic file (type png)

<use Pictures/geosynch.png>
Package pdftex.def Info: Pictures/geosynch.png used on input line 22.
(pdftex.def)             Requested size: 410.32172pt x 209.50835pt.
)
(C:\Dropbox\Thesis\ThesisBReport\altitudeVariations.tex [49 <C:/Dropbox/Thesis/
ThesisBReport/Pictures/geosynch.png>] [50]
<Pictures/AltitudeVsCovGap12sat.png, id=273, 651.18282pt x 398.99063pt>
File: Pictures/AltitudeVsCovGap12sat.png Graphic file (type png)

<use Pictures/AltitudeVsCovGap12sat.png>
Package pdftex.def Info: Pictures/AltitudeVsCovGap12sat.png used on input line 
53.
(pdftex.def)             Requested size: 390.7127pt x 239.39622pt.

<Pictures/AltitudeVsMaxGap12sat.png, id=274, 750.55406pt x 385.44pt>
File: Pictures/AltitudeVsMaxGap12sat.png Graphic file (type png)

<use Pictures/AltitudeVsMaxGap12sat.png>
Package pdftex.def Info: Pictures/AltitudeVsMaxGap12sat.png used on input line 
62.
(pdftex.def)             Requested size: 450.3359pt x 231.26578pt.

<Pictures/AltitudeVsRxPower12sat.png, id=275, 749.04843pt x 402.75468pt>
File: Pictures/AltitudeVsRxPower12sat.png Graphic file (type png)

<use Pictures/AltitudeVsRxPower12sat.png>
Package pdftex.def Info: Pictures/AltitudeVsRxPower12sat.png used on input line
 70.
(pdftex.def)             Requested size: 449.43253pt x 241.65466pt.

<Pictures/AltitudeVsCovGap3sat.png, id=276, 651.93562pt x 396.7322pt>
File: Pictures/AltitudeVsCovGap3sat.png Graphic file (type png)

<use Pictures/AltitudeVsCovGap3sat.png>
Package pdftex.def Info: Pictures/AltitudeVsCovGap3sat.png used on input line 7
9.
(pdftex.def)             Requested size: 391.16438pt x 238.04114pt.

<Pictures/AltitudeVsMaxGap3sat.png, id=277, 658.71094pt x 331.99031pt>
File: Pictures/AltitudeVsMaxGap3sat.png Graphic file (type png)

<use Pictures/AltitudeVsMaxGap3sat.png>
Package pdftex.def Info: Pictures/AltitudeVsMaxGap3sat.png used on input line 8
8.
(pdftex.def)             Requested size: 395.2296pt x 199.19571pt.
 [51] [52 <C:/Dropbox/Thesis/ThesisBReport/Pictures/AltitudeVsCovGap12sat.png> 
<C:/Dropbox/Thesis/ThesisBReport/Pictures/AltitudeVsMaxGap12sat.png>] [53 <C:/D
ropbox/Thesis/ThesisBReport/Pictures/AltitudeVsRxPower12sat.png> <C:/Dropbox/Th
esis/ThesisBReport/Pictures/AltitudeVsCovGap3sat.png>]
<Pictures/12sat_60deg_flightPaths.png, id=292, 774.64406pt x 403.5075pt>
File: Pictures/12sat_60deg_flightPaths.png Graphic file (type png)

<use Pictures/12sat_60deg_flightPaths.png>
Package pdftex.def Info: Pictures/12sat_60deg_flightPaths.png used on input lin
e 101.
(pdftex.def)             Requested size: 464.79002pt x 242.10637pt.
 [54 <C:/Dropbox/Thesis/ThesisBReport/Pictures/AltitudeVsMaxGap3sat.png>])
(C:\Dropbox\Thesis\ThesisBReport\inclinationVariations.tex [55 <C:/Dropbox/Thes
is/ThesisBReport/Pictures/12sat_60deg_flightPaths.png>]
<Pictures/12sat_30deg.png, id=301, 745.28438pt x 380.17032pt>
File: Pictures/12sat_30deg.png Graphic file (type png)

<use Pictures/12sat_30deg.png>
Package pdftex.def Info: Pictures/12sat_30deg.png used on input line 29.
(pdftex.def)             Requested size: 335.37488pt x 171.07506pt.

<Pictures/12sat_60deg.png, id=302, 743.02594pt x 373.395pt>
File: Pictures/12sat_60deg.png Graphic file (type png)

<use Pictures/12sat_60deg.png>
Package pdftex.def Info: Pictures/12sat_60deg.png used on input line 37.
(pdftex.def)             Requested size: 334.35858pt x 168.0262pt.

<Pictures/12sat_90deg.png, id=303, 743.02594pt x 383.18156pt>
File: Pictures/12sat_90deg.png Graphic file (type png)

<use Pictures/12sat_90deg.png>
Package pdftex.def Info: Pictures/12sat_90deg.png used on input line 46.
(pdftex.def)             Requested size: 334.35858pt x 172.4301pt.
 [56]
<Pictures/InclinationVsCovGap12sat.png, id=307, 702.37407pt x 432.11438pt>
File: Pictures/InclinationVsCovGap12sat.png Graphic file (type png)

<use Pictures/InclinationVsCovGap12sat.png>
Package pdftex.def Info: Pictures/InclinationVsCovGap12sat.png used on input li
ne 59.
(pdftex.def)             Requested size: 421.42769pt x 259.27061pt.
 [57 <C:/Dropbox/Thesis/ThesisBReport/Pictures/12sat_30deg.png> <C:/Dropbox/The
sis/ThesisBReport/Pictures/12sat_60deg.png> <C:/Dropbox/Thesis/ThesisBReport/Pi
ctures/12sat_90deg.png>]
<Pictures/InclinationVsMaxGap12sat.png, id=315, 709.14937pt x 442.65375pt>
File: Pictures/InclinationVsMaxGap12sat.png Graphic file (type png)

<use Pictures/InclinationVsMaxGap12sat.png>
Package pdftex.def Info: Pictures/InclinationVsMaxGap12sat.png used on input li
ne 68.
(pdftex.def)             Requested size: 425.4929pt x 265.59428pt.

<Pictures/InclinationVsRxPower12sat.png, id=316, 706.89093pt x 423.83344pt>
File: Pictures/InclinationVsRxPower12sat.png Graphic file (type png)

<use Pictures/InclinationVsRxPower12sat.png>
Package pdftex.def Info: Pictures/InclinationVsRxPower12sat.png used on input l
ine 76.
(pdftex.def)             Requested size: 424.13783pt x 254.302pt.
 [58 <C:/Dropbox/Thesis/ThesisBReport/Pictures/InclinationVsCovGap12sat.png>] [
59 <C:/Dropbox/Thesis/ThesisBReport/Pictures/InclinationVsMaxGap12sat.png> <C:/
Dropbox/Thesis/ThesisBReport/Pictures/InclinationVsRxPower12sat.png>]
<Pictures/70_deg_precess_1_edited.png, id=326, 671.50874pt x 609.77812pt>
File: Pictures/70_deg_precess_1_edited.png Graphic file (type png)

<use Pictures/70_deg_precess_1_edited.png>
Package pdftex.def Info: Pictures/70_deg_precess_1_edited.png used on input lin
e 94.
(pdftex.def)             Requested size: 290.22105pt x 263.53932pt.

<Pictures/70_deg_precess_2_edited.png, id=327, 703.87968pt x 572.1375pt>
File: Pictures/70_deg_precess_2_edited.png Graphic file (type png)

<use Pictures/70_deg_precess_2_edited.png>
Package pdftex.def Info: Pictures/70_deg_precess_2_edited.png used on input lin
e 101.
(pdftex.def)             Requested size: 290.22105pt x 235.89613pt.
)
(C:\Dropbox\Thesis\ThesisBReport\perPlaneVariations.tex [60] [61 <C:/Dropbox/Th
esis/ThesisBReport/Pictures/70_deg_precess_1_edited.png> <C:/Dropbox/Thesis/The
sisBReport/Pictures/70_deg_precess_2_edited.png>]
<Pictures/PerPlaneVsCovGap12sat.png, id=336, 663.98062pt x 408.77719pt>
File: Pictures/PerPlaneVsCovGap12sat.png Graphic file (type png)

<use Pictures/PerPlaneVsCovGap12sat.png>
Package pdftex.def Info: Pictures/PerPlaneVsCovGap12sat.png used on input line 
31.
(pdftex.def)             Requested size: 398.39143pt x 245.2682pt.
 [62]
<Pictures/PerPlaneVsMaxGap12sat.png, id=340, 743.77875pt x 407.27156pt>
File: Pictures/PerPlaneVsMaxGap12sat.png Graphic file (type png)

<use Pictures/PerPlaneVsMaxGap12sat.png>
Package pdftex.def Info: Pictures/PerPlaneVsMaxGap12sat.png used on input line 
39.
(pdftex.def)             Requested size: 446.27069pt x 244.3648pt.

<Pictures/PerPlaneVsRxPower12sat.png, id=341, 731.73375pt x 390.70969pt>
File: Pictures/PerPlaneVsRxPower12sat.png Graphic file (type png)

<use Pictures/PerPlaneVsRxPower12sat.png>
Package pdftex.def Info: Pictures/PerPlaneVsRxPower12sat.png used on input line
 47.
(pdftex.def)             Requested size: 439.04364pt x 234.42761pt.
 [63 <C:/Dropbox/Thesis/ThesisBReport/Pictures/PerPlaneVsCovGap12sat.png> <C:/D
ropbox/Thesis/ThesisBReport/Pictures/PerPlaneVsMaxGap12sat.png>]) [64 <C:/Dropb
ox/Thesis/ThesisBReport/Pictures/PerPlaneVsRxPower12sat.png>]
<Pictures/allfitdist_Heathrow.png, id=352, 593.21625pt x 316.18124pt>
File: Pictures/allfitdist_Heathrow.png Graphic file (type png)

<use Pictures/allfitdist_Heathrow.png>
Package pdftex.def Info: Pictures/allfitdist_Heathrow.png used on input line 12
.
(pdftex.def)             Requested size: 504.23619pt x 268.75533pt.

Overfull \hbox (20.53935pt too wide) in paragraph at lines 12--13
 [][] 
 []

[65 <C:/Dropbox/Thesis/ThesisBReport/Pictures/allfitdist_Heathrow.png (PNG copy
)>] <Pictures/allfitdist_Heathrow6sat.png, id=356, 647.41875pt x 328.22626pt>
File: Pictures/allfitdist_Heathrow6sat.png Graphic file (type png)

<use Pictures/allfitdist_Heathrow6sat.png>
Package pdftex.def Info: Pictures/allfitdist_Heathrow6sat.png used on input lin
e 24.
(pdftex.def)             Requested size: 517.9357pt x 262.58136pt.

Overfull \hbox (34.23886pt too wide) in paragraph at lines 24--25
 [][] 
 []

) [66 <C:/Dropbox/Thesis/ThesisBReport/Pictures/allfitdist_Heathrow6sat.png (PN
G copy)>] (C:\Dropbox\Thesis\ThesisBReport\weight_matrix.tex
Underfull \hbox (badness 10000) in paragraph at lines 20--20
[]|\T1/cmr/m/n/12 Maximum cov-er-age gap
 []


Underfull \hbox (badness 10000) in paragraph at lines 21--21
[]|\T1/cmr/m/n/12 Minimum Re-ceived RX
 []


Underfull \hbox (badness 10000) in paragraph at lines 25--25
[]|\T1/cmr/m/n/12 Maximum cov-er-age gap
 []


Underfull \hbox (badness 10000) in paragraph at lines 26--26
[]|\T1/cmr/m/n/12 Minimum Re-ceived RX
 []


Underfull \hbox (badness 10000) in paragraph at lines 30--30
[]|\T1/cmr/m/n/12 Maximum cov-er-age gap
 []


Underfull \hbox (badness 10000) in paragraph at lines 31--31
[]|\T1/cmr/m/n/12 Minimum Re-ceived RX
 []

[67


] [68] <Pictures/2ndHarmonic.png, id=366, 651.18282pt x 183.68625pt>
File: Pictures/2ndHarmonic.png Graphic file (type png)

<use Pictures/2ndHarmonic.png>
Package pdftex.def Info: Pictures/2ndHarmonic.png used on input line 58.
(pdftex.def)             Requested size: 488.38591pt x 137.76433pt.

Overfull \hbox (4.68907pt too wide) in paragraph at lines 58--59
 [][] 
 []

[69] [70 <C:/Dropbox/Thesis/ThesisBReport/Pictures/2ndHarmonic.png>]
<Pictures/decisionMatrixHist.png, id=376, 633.11531pt x 263.48438pt>
File: Pictures/decisionMatrixHist.png Graphic file (type png)

<use Pictures/decisionMatrixHist.png>
Package pdftex.def Info: Pictures/decisionMatrixHist.png used on input line 98.

(pdftex.def)             Requested size: 379.87212pt x 158.09183pt.
) [71 <C:/Dropbox/Thesis/ThesisBReport/Pictures/decisionMatrixHist.png (PNG cop
y)>] [72

]
(C:\Dropbox\Thesis\ThesisBReport\conclusions.tex
<Pictures/18sat_3D.png, id=383, 1105.12875pt x 489.32813pt>
File: Pictures/18sat_3D.png Graphic file (type png)

<use Pictures/18sat_3D.png>
Package pdftex.def Info: Pictures/18sat_3D.png used on input line 32.
(pdftex.def)             Requested size: 442.04367pt x 195.72777pt.

<Pictures/18sat_groundtrack.png, id=384, 847.66687pt x 429.85594pt>
File: Pictures/18sat_groundtrack.png Graphic file (type png)

<use Pictures/18sat_groundtrack.png>
Package pdftex.def Info: Pictures/18sat_groundtrack.png used on input line 40.
(pdftex.def)             Requested size: 508.60405pt x 257.91554pt.

Overfull \hbox (24.90721pt too wide) in paragraph at lines 40--41
 [][] 
 []

) [73

] [74 <C:/Dropbox/Thesis/ThesisBReport/Pictures/18sat_3D.png>] [75 <C:/Dropbox/
Thesis/ThesisBReport/Pictures/18sat_groundtrack.png>]
(C:\Dropbox\Thesis\ThesisBReport\future_work.tex [76


]) [77]
(C:\Dropbox\Thesis\ThesisBReport\main.bbl
Underfull \hbox (badness 3826) in paragraph at lines 43--45
[]\T1/cmr/m/n/12 Civil Avi-a-tion Safety Au-thor-ity, Aus-tralia, ``Au-to-matic
 De-pen-dent Surveillance-
 []


Underfull \hbox (badness 1735) in paragraph at lines 56--59
\T1/cmr/m/it/12 dards for Uni-ver-sal Ac-cess Transceiver (UAT) Au-to-matic De-
pen-dent Surveillance-
 []

[78

]
Overfull \hbox (64.61464pt too wide) in paragraph at lines 95--99
\T1/cmr/m/n/12 http://scholar.google.com/scholar?hl=en&btnG=Search&q=intitle:Cu
beSat+Design+Specification#0 
 []

[79]
Underfull \hbox (badness 4291) in paragraph at lines 172--176
[]\T1/cmr/m/n/12 J. Daw-son, ``ADS-B via Low Earth Or-bit-ing Satel-
 []


Underfull \hbox (badness 1365) in paragraph at lines 172--176
\T1/cmr/m/n/12 lites Ben-e-fits As-sess-ment,'' pp. 1--25, 2013. [On-line]. Ava
il-able:
 []


Overfull \hbox (410.88388pt too wide) in paragraph at lines 179--184
\T1/cmr/m/n/12 http://scholar.google.com/scholar?hl=en&btnG=Search&q=intitle:LE
ARNING+FROM+CORPORATE+MISTAKES+:+THE+RISE+AND+FALL+OF+IRIDIUM#0 
 []

[80]
** WARNING: IEEEtran.bst: No hyphenation pattern has been
** loaded for the language `en'. Using the pattern for
** the default language instead.
** WARNING: IEEEtran.bst: No hyphenation pattern has been
** loaded for the language `en'. Using the pattern for
** the default language instead.

Overfull \hbox (40.18309pt too wide) in paragraph at lines 208--212
\T1/cmr/m/n/12 http://www.esa.int/Our_Activities/Technology/Proba_Missions/Trac
king_aircraft_from_orbit 
 []


Underfull \hbox (badness 4001) in paragraph at lines 222--225
[]\T1/cmr/m/n/12 GomSpace, ``GomSpace GOMX-1,'' 2014. [On-line]. Avail-able:
 []


Underfull \hbox (badness 2932) in paragraph at lines 243--246
[]\T1/cmr/m/n/12 OpenFlights, ``Air-port and air-line data.'' [On-line]. Avail-
able:
 []

[81]
Underfull \hbox (badness 3128) in paragraph at lines 297--301
[]\T1/cmr/m/n/12 M. Shep-pard, ``ALL-FIT-DIS-T-fit all valid para-met-ric prob-
a-bil-ity dis-tri-bu-tions to
 []


Underfull \hbox (badness 10000) in paragraph at lines 297--301
\T1/cmr/m/n/12 data,'' http://www.mathworks.com.au/matlabcentral/fileexchange/3
4943-fit-all-valid-
 []

) [82] (C:\Dropbox\Thesis\ThesisBReport\app_allParameters.tex
Underfull \hbox (badness 10000) in paragraph at lines 10--10
[]|\T1/cmr/m/n/6 Case
 []


Underfull \hbox (badness 10000) in paragraph at lines 10--10
[]|\T1/cmr/m/n/6 Altitude
 []


Underfull \hbox (badness 10000) in paragraph at lines 10--10
[]|\T1/cmr/m/n/6 Semi-
 []


Overfull \hbox (6.19429pt too wide) in paragraph at lines 10--10
[]|\T1/cmr/m/n/6 Inclination
 []


Overfull \hbox (0.85667pt too wide) in paragraph at lines 10--10
[]|\T1/cmr/m/n/6 Satellites
 []


Overfull \hbox (0.85667pt too wide) in paragraph at lines 10--10
[]|\T1/cmr/m/n/6 Satellites
 []


Underfull \hbox (badness 10000) in paragraph at lines 10--10
\T1/cmr/m/n/6 per
 []


Underfull \hbox (badness 10000) in paragraph at lines 10--10
[]|\T1/cmr/m/n/6 Plane
 []


Underfull \hbox (badness 10000) in paragraph at lines 10--10
\T1/cmr/m/n/6 sep-a-
 []


Underfull \hbox (badness 10000) in paragraph at lines 10--10
\T1/cmr/m/n/6 ra-tion
 []


Underfull \hbox (badness 10000) in paragraph at lines 10--10
\T1/cmr/m/n/6 (deg
 []


Underfull \hbox (badness 10000) in paragraph at lines 10--11
[]|\T1/cmr/m/n/6 True
 []


Underfull \hbox (badness 10000) in paragraph at lines 10--11
\T1/cmr/m/n/6 Sep-a-ra-
 []

) [83] (C:\Dropbox\Thesis\ThesisBReport\stats.tex [84

]) [85]

AED: lastpage setting LastPage
(C:\Dropbox\Thesis\ThesisBReport\main.aux
(C:\Dropbox\Thesis\ThesisBReport\TitlePage.aux)
(C:\Dropbox\Thesis\ThesisBReport\abstract.aux)
(C:\Dropbox\Thesis\ThesisBReport\nomenclature.aux)
(C:\Dropbox\Thesis\ThesisBReport\introduction.aux)
(C:\Dropbox\Thesis\ThesisBReport\background_theory.aux)
(C:\Dropbox\Thesis\ThesisBReport\lit_review.aux)
(C:\Dropbox\Thesis\ThesisBReport\design_drivers.aux)
(C:\Dropbox\Thesis\ThesisBReport\parameters.aux)
(C:\Dropbox\Thesis\ThesisBReport\tools.aux)
(C:\Dropbox\Thesis\ThesisBReport\data_assumptions.aux)
(C:\Dropbox\Thesis\ThesisBReport\results.aux)
(C:\Dropbox\Thesis\ThesisBReport\data_processing.aux)
(C:\Dropbox\Thesis\ThesisBReport\analysis.aux)
(C:\Dropbox\Thesis\ThesisBReport\weight_matrix.aux)
(C:\Dropbox\Thesis\ThesisBReport\conclusions.aux)
(C:\Dropbox\Thesis\ThesisBReport\future_work.aux)
(C:\Dropbox\Thesis\ThesisBReport\stats.aux))

LaTeX Warning: There were undefined references.

 ) 
Here is how much of TeX's memory you used:
 6855 strings out of 493921
 103178 string characters out of 3144855
 181314 words of memory out of 3000000
 9780 multiletter control sequences out of 15000+200000
 27523 words of font info for 68 fonts, out of 3000000 for 9000
 841 hyphenation exceptions out of 8191
 42i,13n,43p,1140b,459s stack positions out of 5000i,500n,10000p,200000b,50000s
{C:/Program Files (x86)/MiKTeX 2.9/fonts/enc/dvips/cm-super/cm-super-t1.enc}<
C:/Program Files (x86)/MiKTeX 2.9/fonts/type1/public/amsfonts/cm/cmex10.pfb><C:
/Program Files (x86)/MiKTeX 2.9/fonts/type1/public/amsfonts/cm/cmmi12.pfb><C:/P
rogram Files (x86)/MiKTeX 2.9/fonts/type1/public/amsfonts/cm/cmmi6.pfb><C:/Prog
ram Files (x86)/MiKTeX 2.9/fonts/type1/public/amsfonts/cm/cmmi8.pfb><C:/Program
 Files (x86)/MiKTeX 2.9/fonts/type1/public/amsfonts/cm/cmr12.pfb><C:/Program Fi
les (x86)/MiKTeX 2.9/fonts/type1/public/amsfonts/cm/cmr5.pfb><C:/Program Files 
(x86)/MiKTeX 2.9/fonts/type1/public/amsfonts/cm/cmr6.pfb><C:/Program Files (x86
)/MiKTeX 2.9/fonts/type1/public/amsfonts/cm/cmr8.pfb><C:/Program Files (x86)/Mi
KTeX 2.9/fonts/type1/public/amsfonts/cm/cmsy10.pfb><C:/Program Files (x86)/MiKT
eX 2.9/fonts/type1/public/amsfonts/cm/cmsy8.pfb><C:/Program Files (x86)/MiKTeX 
2.9/fonts/type1/public/cm-super/sfbx1095.pfb><C:/Program Files (x86)/MiKTeX 2.9
/fonts/type1/public/cm-super/sfbx1200.pfb><C:/Program Files (x86)/MiKTeX 2.9/fo
nts/type1/public/cm-super/sfbx1440.pfb><C:/Program Files (x86)/MiKTeX 2.9/fonts
/type1/public/cm-super/sfbx1728.pfb><C:/Program Files (x86)/MiKTeX 2.9/fonts/ty
pe1/public/cm-super/sfbx2488.pfb><C:/Program Files (x86)/MiKTeX 2.9/fonts/type1
/public/cm-super/sfcc1440.pfb><C:/Program Files (x86)/MiKTeX 2.9/fonts/type1/pu
blic/cm-super/sfcc1728.pfb><C:/Program Files (x86)/MiKTeX 2.9/fonts/type1/publi
c/cm-super/sfcc2074.pfb><C:/Program Files (x86)/MiKTeX 2.9/fonts/type1/public/c
m-super/sfrm0600.pfb><C:/Program Files (x86)/MiKTeX 2.9/fonts/type1/public/cm-s
uper/sfrm0700.pfb><C:/Program Files (x86)/MiKTeX 2.9/fonts/type1/public/cm-supe
r/sfrm0800.pfb><C:/Program Files (x86)/MiKTeX 2.9/fonts/type1/public/cm-super/s
frm1000.pfb><C:/Program Files (x86)/MiKTeX 2.9/fonts/type1/public/cm-super/sfrm
1095.pfb><C:/Program Files (x86)/MiKTeX 2.9/fonts/type1/public/cm-super/sfrm120
0.pfb><C:/Program Files (x86)/MiKTeX 2.9/fonts/type1/public/cm-super/sfrm1440.p
fb><C:/Program Files (x86)/MiKTeX 2.9/fonts/type1/public/cm-super/sfsl1200.pfb>
<C:/Program Files (x86)/MiKTeX 2.9/fonts/type1/public/cm-super/sfti1200.pfb><C:
/Program Files (x86)/MiKTeX 2.9/fonts/type1/public/cm-super/sfti1440.pfb><C:/Pr
ogram Files (x86)/MiKTeX 2.9/fonts/type1/public/cm-super/sftt1200.pfb>
Output written on main.pdf (101 pages, 19760796 bytes).
PDF statistics:
 523 PDF objects out of 1000 (max. 8388607)
 0 named destinations out of 1000 (max. 500000)
 236 words of extra memory for PDF output out of 10000 (max. 10000000)

