\BOOKMARK [1][-]{Doc-Start}{Publications to Date}{}% 1
\BOOKMARK [1][-]{Item.2}{Declaration}{}% 2
\BOOKMARK [1][-]{Item.2}{Abstract}{}% 3
\BOOKMARK [0][-]{chapter*.2}{List of Figures}{}% 4
\BOOKMARK [0][-]{chapter*.3}{List of Tables}{}% 5
\BOOKMARK [1][-]{chapter*.4}{Nomenclature}{chapter*.3}% 6
\BOOKMARK [0][-]{chapter.1}{Introduction}{}% 7
\BOOKMARK [1][-]{section.1.1}{Problem Statement}{chapter.1}% 8
\BOOKMARK [1][-]{section.1.2}{Thesis Structure}{chapter.1}% 9
\BOOKMARK [0][-]{chapter.2}{Background Theory and Literature Review}{}% 10
\BOOKMARK [1][-]{section.2.1}{ADS-B}{chapter.2}% 11
\BOOKMARK [1][-]{section.2.2}{CubeSats}{chapter.2}% 12
\BOOKMARK [1][-]{section.2.3}{Satellite Constellations}{chapter.2}% 13
\BOOKMARK [1][-]{section.2.4}{Literature Review}{chapter.2}% 14
\BOOKMARK [0][-]{chapter.3}{Experimental Method and Design}{}% 15
\BOOKMARK [1][-]{section.3.1}{Mission Overview}{chapter.3}% 16
\BOOKMARK [1][-]{section.3.2}{Experimental Parameters}{chapter.3}% 17
\BOOKMARK [1][-]{section.3.3}{Analysis Tools}{chapter.3}% 18
\BOOKMARK [1][-]{section.3.4}{Model Input Data and Assumptions}{chapter.3}% 19
\BOOKMARK [0][-]{chapter.4}{Results and Analysis}{}% 20
\BOOKMARK [1][-]{section.4.1}{Raw Results}{chapter.4}% 21
\BOOKMARK [1][-]{section.4.2}{Data Processing}{chapter.4}% 22
\BOOKMARK [1][-]{section.4.3}{Trends and Analysis}{chapter.4}% 23
\BOOKMARK [1][-]{section.4.4}{Access Periodicity}{chapter.4}% 24
\BOOKMARK [1][-]{section.4.5}{Weighted Decision Matrix}{chapter.4}% 25
\BOOKMARK [1][-]{section.4.6}{Special Case Study - MH370}{chapter.4}% 26
\BOOKMARK [0][-]{chapter.5}{Conclusions and Future Work}{}% 27
\BOOKMARK [1][-]{section.5.1}{Conclusions}{chapter.5}% 28
\BOOKMARK [1][-]{section.5.2}{Future Work}{chapter.5}% 29
\BOOKMARK [0][-]{subsection.5.2.3}{References}{}% 30
\BOOKMARK [-1][-]{chapter*.69}{Appendices}{}% 31
\BOOKMARK [0][-]{appendix.A}{2013 AIAA Region VII-AU Student Conference \040Full Text of Accepted Paper}{chapter*.69}% 32
\BOOKMARK [0][-]{appendix.B}{65th International Astronautical Congress \040Abstract and Acceptance Letter}{chapter*.69}% 33
\BOOKMARK [0][-]{appendix.C}{Experimental Parameters}{chapter*.69}% 34
\BOOKMARK [0][-]{appendix.D}{Statistical Models}{chapter*.69}% 35
\BOOKMARK [1][-]{section.D.1}{Student's t-Location Scale Distribution}{appendix.D}% 36
